d:\learn\c++\raytracing\ttg\x64\debug\vc143.pdb
d:\learn\c++\raytracing\ttg\x64\debug\vc143.idb
d:\learn\c++\raytracing\ttg\x64\debug\stb.obj
d:\learn\c++\raytracing\ttg\x64\debug\imgui_stdlib.obj
d:\learn\c++\raytracing\ttg\x64\debug\imgui_widgets.obj
d:\learn\c++\raytracing\ttg\x64\debug\imgui_tables.obj
d:\learn\c++\raytracing\ttg\x64\debug\imgui_draw.obj
d:\learn\c++\raytracing\ttg\x64\debug\imgui_demo.obj
d:\learn\c++\raytracing\ttg\x64\debug\imgui.obj
d:\learn\c++\raytracing\ttg\x64\debug\imgui_impl_opengl3.obj
d:\learn\c++\raytracing\ttg\x64\debug\imgui_impl_glfw.obj
d:\learn\c++\raytracing\ttg\x64\debug\application.obj
d:\learn\c++\raytracing\ttg\x64\debug\texture.obj
d:\learn\c++\raytracing\ttg\x64\debug\renderer.obj
d:\learn\c++\raytracing\ttg\x64\debug\camera.obj
d:\learn\c++\raytracing\ttg\x64\debug\triangle.obj
d:\learn\c++\raytracing\ttg\x64\debug\basicbsdf.obj
d:\learn\c++\raytracing\ttg\x64\debug\testbsdf.obj
d:\learn\c++\raytracing\ttg\x64\debug\glassbsdf.obj
d:\learn\c++\raytracing\ttg\x64\debug\sphere.obj
d:\learn\c++\raytracing\ttg\x64\debug\random.obj
d:\learn\c++\raytracing\ttg\x64\debug\plane.obj
d:\learn\c++\raytracing\ttg\x64\debug\glad.obj
d:\learn\c++\raytracing\ttg\x64\debug\mainlayer.obj
d:\learn\c++\raytracing\ttg\x64\debug\editor.obj
d:\learn\c++\raytracing\x64\debug\ttg.exe
d:\learn\c++\raytracing\ttg\x64\debug\ttg.ilk
d:\learn\c++\raytracing\x64\debug\ttg.pdb
d:\learn\c++\raytracing\ttg\x64\debug\example.obj
d:\learn\c++\raytracing\ttg\x64\debug\ttg.tlog\cl.command.1.tlog
d:\learn\c++\raytracing\ttg\x64\debug\ttg.tlog\cl.items.tlog
d:\learn\c++\raytracing\ttg\x64\debug\ttg.tlog\cl.read.1.tlog
d:\learn\c++\raytracing\ttg\x64\debug\ttg.tlog\cl.write.1.tlog
d:\learn\c++\raytracing\ttg\x64\debug\ttg.tlog\link.command.1.tlog
d:\learn\c++\raytracing\ttg\x64\debug\ttg.tlog\link.read.1.tlog
d:\learn\c++\raytracing\ttg\x64\debug\ttg.tlog\link.write.1.tlog
