  Renderer.cpp
D:\learn\c++\RayTracing\TTG\TTG\src\Utils\Random.h(14,23): warning C4244: 'initializing': conversion from 'unsigned __int64' to 'unsigned int', possible loss of data
D:\learn\c++\RayTracing\TTG\TTG\src\Objects\Camera.h(56,24): warning C4244: 'initializing': conversion from 'float' to 'int', possible loss of data
D:\learn\c++\RayTracing\TTG\TTG_app\Renderer.cpp(10,18): warning C4244: 'initializing': conversion from 'T' to 'unsigned char', possible loss of data
          with
          [
              T=float
          ]
D:\learn\c++\RayTracing\TTG\TTG_app\Renderer.cpp(11,18): warning C4244: 'initializing': conversion from 'T' to 'unsigned char', possible loss of data
          with
          [
              T=float
          ]
D:\learn\c++\RayTracing\TTG\TTG_app\Renderer.cpp(12,18): warning C4244: 'initializing': conversion from 'T' to 'unsigned char', possible loss of data
          with
          [
              T=float
          ]
D:\learn\c++\RayTracing\TTG\TTG_app\Renderer.cpp(13,18): warning C4244: 'initializing': conversion from 'T' to 'unsigned char', possible loss of data
          with
          [
              T=float
          ]
D:\learn\c++\RayTracing\TTG\TTG_app\Renderer.cpp(22,34): warning C4244: '=': conversion from 'float' to 'unsigned int', possible loss of data
D:\learn\c++\RayTracing\TTG\TTG_app\Renderer.cpp(23,39): warning C4244: '=': conversion from 'float' to 'unsigned int', possible loss of data
D:\learn\c++\RayTracing\TTG\TTG_app\Renderer.cpp(35,27): warning C4018: '<': signed/unsigned mismatch
D:\learn\c++\RayTracing\TTG\TTG_app\Renderer.cpp(58,22): warning C4018: '<': signed/unsigned mismatch
  TTG.vcxproj -> D:\learn\c++\RayTracing\x64\Debug\TTG.exe
