  Plane.cpp
  Random.cpp
  Sphere.cpp
  GlassBsdf.cpp
  TestBsdf.cpp
  BasicBsdf.cpp
  Triangle.cpp
  Camera.cpp
  Renderer.cpp
  Texture.cpp
  Application.cpp
  imgui_impl_glfw.cpp
  imgui_impl_opengl3.cpp
  imgui.cpp
  imgui_demo.cpp
  imgui_draw.cpp
  imgui_tables.cpp
  imgui_widgets.cpp
  imgui_stdlib.cpp
  stb.cpp
  Compiling...
  Example.cpp
  glad.c
  Generating code
  Previous IPDB not found, fall back to full compilation.
  All 2668 functions were compiled because no usable IPDB/IOBJ from previous compilation was found.
  Finished generating code
  TTG.vcxproj -> D:\learn\c++\RayTracing\x64\Release\TTG.exe
