d:\learn\c++\raytracing\ttg\x64\release\vc143.pdb
d:\learn\c++\raytracing\ttg\x64\release\stb.obj
d:\learn\c++\raytracing\ttg\x64\release\imgui_stdlib.obj
d:\learn\c++\raytracing\ttg\x64\release\imgui_widgets.obj
d:\learn\c++\raytracing\ttg\x64\release\imgui_tables.obj
d:\learn\c++\raytracing\ttg\x64\release\imgui_draw.obj
d:\learn\c++\raytracing\ttg\x64\release\imgui_demo.obj
d:\learn\c++\raytracing\ttg\x64\release\imgui.obj
d:\learn\c++\raytracing\ttg\x64\release\imgui_impl_opengl3.obj
d:\learn\c++\raytracing\ttg\x64\release\imgui_impl_glfw.obj
d:\learn\c++\raytracing\ttg\x64\release\application.obj
d:\learn\c++\raytracing\ttg\x64\release\texture.obj
d:\learn\c++\raytracing\ttg\x64\release\camera.obj
d:\learn\c++\raytracing\ttg\x64\release\basicbsdf.obj
d:\learn\c++\raytracing\ttg\x64\release\testbsdf.obj
d:\learn\c++\raytracing\ttg\x64\release\glassbsdf.obj
d:\learn\c++\raytracing\ttg\x64\release\random.obj
d:\learn\c++\raytracing\ttg\x64\release\example.obj
d:\learn\c++\raytracing\ttg\x64\release\renderer.obj
d:\learn\c++\raytracing\ttg\x64\release\sphere.obj
d:\learn\c++\raytracing\ttg\x64\release\plane.obj
d:\learn\c++\raytracing\ttg\x64\release\triangle.obj
d:\learn\c++\raytracing\ttg\x64\release\glad.obj
d:\learn\c++\raytracing\x64\release\ttg.exe
d:\learn\c++\raytracing\ttg\x64\release\ttg.ipdb
d:\learn\c++\raytracing\x64\release\ttg.pdb
d:\learn\c++\raytracing\ttg\x64\release\ttg.iobj
d:\learn\c++\raytracing\ttg\x64\release\ttg.tlog\cl.command.1.tlog
d:\learn\c++\raytracing\ttg\x64\release\ttg.tlog\cl.items.tlog
d:\learn\c++\raytracing\ttg\x64\release\ttg.tlog\cl.read.1.tlog
d:\learn\c++\raytracing\ttg\x64\release\ttg.tlog\cl.write.1.tlog
d:\learn\c++\raytracing\ttg\x64\release\ttg.tlog\link.command.1.tlog
d:\learn\c++\raytracing\ttg\x64\release\ttg.tlog\link.read.1.tlog
d:\learn\c++\raytracing\ttg\x64\release\ttg.tlog\link.write.1.tlog
